s:\ood\ood\forproject2\codeanalyzer\analyzer\debug\vc140.pdb
s:\ood\ood\forproject2\codeanalyzer\analyzer\debug\vc140.idb
s:\ood\ood\forproject2\codeanalyzer\analyzer\debug\abstrsyntree.obj
s:\ood\ood\forproject2\codeanalyzer\analyzer\debug\filemgr.obj
s:\ood\ood\forproject2\codeanalyzer\analyzer\debug\filesystem.obj
s:\ood\ood\forproject2\codeanalyzer\analyzer\debug\grammarhelpers.obj
s:\ood\ood\forproject2\codeanalyzer\analyzer\debug\logger.obj
s:\ood\ood\forproject2\codeanalyzer\analyzer\debug\actionsandrules.obj
s:\ood\ood\forproject2\codeanalyzer\analyzer\debug\configureparser.obj
s:\ood\ood\forproject2\codeanalyzer\analyzer\debug\parser.obj
s:\ood\ood\forproject2\codeanalyzer\analyzer\debug\scopestack.obj
s:\ood\ood\forproject2\codeanalyzer\analyzer\debug\semiexp.obj
s:\ood\ood\forproject2\codeanalyzer\analyzer\debug\tokenizer.obj
s:\ood\ood\forproject2\codeanalyzer\analyzer\debug\utilities.obj
s:\ood\ood\forproject2\codeanalyzer\analyzer\debug\executive.obj
s:\ood\ood\forproject2\codeanalyzer\debug\codeanalyzer.ilk
s:\ood\ood\forproject2\codeanalyzer\debug\codeanalyzer.exe
s:\ood\ood\forproject2\codeanalyzer\debug\codeanalyzer.pdb
s:\ood\ood\forproject2\codeanalyzer\analyzer\debug\executive.vcxprojresolveassemblyreference.cache
s:\ood\ood\forproject2\codeanalyzer\analyzer\debug\codeanalyzer.tlog\cl.command.1.tlog
s:\ood\ood\forproject2\codeanalyzer\analyzer\debug\codeanalyzer.tlog\cl.read.1.tlog
s:\ood\ood\forproject2\codeanalyzer\analyzer\debug\codeanalyzer.tlog\cl.write.1.tlog
s:\ood\ood\forproject2\codeanalyzer\analyzer\debug\codeanalyzer.tlog\link.command.1.tlog
s:\ood\ood\forproject2\codeanalyzer\analyzer\debug\codeanalyzer.tlog\link.read.1.tlog
s:\ood\ood\forproject2\codeanalyzer\analyzer\debug\codeanalyzer.tlog\link.write.1.tlog
