s:\ood\forproject2\codeanalyzer\analyzer\x64\debug\vc140.pdb
s:\ood\forproject2\codeanalyzer\analyzer\x64\debug\vc140.idb
s:\ood\forproject2\codeanalyzer\analyzer\x64\debug\abstrsyntree.obj
s:\ood\forproject2\codeanalyzer\analyzer\x64\debug\filemgr.obj
s:\ood\forproject2\codeanalyzer\analyzer\x64\debug\filesystem.obj
s:\ood\forproject2\codeanalyzer\analyzer\x64\debug\grammarhelpers.obj
s:\ood\forproject2\codeanalyzer\analyzer\x64\debug\logger.obj
s:\ood\forproject2\codeanalyzer\analyzer\x64\debug\actionsandrules.obj
s:\ood\forproject2\codeanalyzer\analyzer\x64\debug\configureparser.obj
s:\ood\forproject2\codeanalyzer\analyzer\x64\debug\parser.obj
s:\ood\forproject2\codeanalyzer\analyzer\x64\debug\scopestack.obj
s:\ood\forproject2\codeanalyzer\analyzer\x64\debug\semiexp.obj
s:\ood\forproject2\codeanalyzer\analyzer\x64\debug\tokenizer.obj
s:\ood\forproject2\codeanalyzer\analyzer\x64\debug\utilities.obj
s:\ood\forproject2\codeanalyzer\analyzer\x64\debug\executive.obj
s:\ood\forproject2\codeanalyzer\x64\debug\codeanalyzer.ilk
s:\ood\forproject2\codeanalyzer\x64\debug\codeanalyzer.exe
s:\ood\forproject2\codeanalyzer\x64\debug\codeanalyzer.pdb
s:\ood\forproject2\codeanalyzer\analyzer\x64\debug\codeanalyzer.tlog\cl.command.1.tlog
s:\ood\forproject2\codeanalyzer\analyzer\x64\debug\codeanalyzer.tlog\cl.read.1.tlog
s:\ood\forproject2\codeanalyzer\analyzer\x64\debug\codeanalyzer.tlog\cl.write.1.tlog
s:\ood\forproject2\codeanalyzer\analyzer\x64\debug\codeanalyzer.tlog\link.command.1.tlog
s:\ood\forproject2\codeanalyzer\analyzer\x64\debug\codeanalyzer.tlog\link.read.1.tlog
s:\ood\forproject2\codeanalyzer\analyzer\x64\debug\codeanalyzer.tlog\link.write.1.tlog
