s:\ood\ood\forproject2\codeanalyzer\parser\debug\parser.pdb
s:\ood\ood\forproject2\codeanalyzer\parser\debug\parser.idb
s:\ood\ood\forproject2\codeanalyzer\parser\debug\abstrsyntree.obj
s:\ood\ood\forproject2\codeanalyzer\parser\debug\filesystem.obj
s:\ood\ood\forproject2\codeanalyzer\parser\debug\grammarhelpers.obj
s:\ood\ood\forproject2\codeanalyzer\parser\debug\logger.obj
s:\ood\ood\forproject2\codeanalyzer\parser\debug\scopestack.obj
s:\ood\ood\forproject2\codeanalyzer\parser\debug\semiexp.obj
s:\ood\ood\forproject2\codeanalyzer\parser\debug\tokenizer.obj
s:\ood\ood\forproject2\codeanalyzer\parser\debug\utilities.obj
s:\ood\ood\forproject2\codeanalyzer\parser\debug\actionsandrules.obj
s:\ood\ood\forproject2\codeanalyzer\parser\debug\configureparser.obj
s:\ood\ood\forproject2\codeanalyzer\parser\debug\parser.obj
s:\ood\ood\forproject2\codeanalyzer\debug\parser.lib
s:\ood\ood\forproject2\codeanalyzer\debug\parser.pdb
s:\ood\ood\forproject2\codeanalyzer\parser\debug\parser.tlog\cl.command.1.tlog
s:\ood\ood\forproject2\codeanalyzer\parser\debug\parser.tlog\cl.read.1.tlog
s:\ood\ood\forproject2\codeanalyzer\parser\debug\parser.tlog\cl.write.1.tlog
s:\ood\ood\forproject2\codeanalyzer\parser\debug\parser.tlog\lib-link.read.1.tlog
s:\ood\ood\forproject2\codeanalyzer\parser\debug\parser.tlog\lib-link.write.1.tlog
s:\ood\ood\forproject2\codeanalyzer\parser\debug\parser.tlog\lib.command.1.tlog
