s:\ood\forproject2\codeanalyzer\parser\x64\debug\parser.pdb
s:\ood\forproject2\codeanalyzer\parser\x64\debug\parser.idb
s:\ood\forproject2\codeanalyzer\parser\x64\debug\abstrsyntree.obj
s:\ood\forproject2\codeanalyzer\parser\x64\debug\filesystem.obj
s:\ood\forproject2\codeanalyzer\parser\x64\debug\grammarhelpers.obj
s:\ood\forproject2\codeanalyzer\parser\x64\debug\logger.obj
s:\ood\forproject2\codeanalyzer\parser\x64\debug\scopestack.obj
s:\ood\forproject2\codeanalyzer\parser\x64\debug\semiexp.obj
s:\ood\forproject2\codeanalyzer\parser\x64\debug\tokenizer.obj
s:\ood\forproject2\codeanalyzer\parser\x64\debug\utilities.obj
s:\ood\forproject2\codeanalyzer\parser\x64\debug\actionsandrules.obj
s:\ood\forproject2\codeanalyzer\parser\x64\debug\configureparser.obj
s:\ood\forproject2\codeanalyzer\parser\x64\debug\parser.obj
s:\ood\forproject2\codeanalyzer\x64\debug\parser.lib
s:\ood\forproject2\codeanalyzer\x64\debug\parser.pdb
s:\ood\forproject2\codeanalyzer\parser\x64\debug\parser.tlog\cl.command.1.tlog
s:\ood\forproject2\codeanalyzer\parser\x64\debug\parser.tlog\cl.read.1.tlog
s:\ood\forproject2\codeanalyzer\parser\x64\debug\parser.tlog\cl.write.1.tlog
s:\ood\forproject2\codeanalyzer\parser\x64\debug\parser.tlog\lib-link.read.1.tlog
s:\ood\forproject2\codeanalyzer\parser\x64\debug\parser.tlog\lib-link.write.1.tlog
s:\ood\forproject2\codeanalyzer\parser\x64\debug\parser.tlog\lib.command.1.tlog
